2019-04-01 22:09:13 INFO  [main] org.springframework.beans.factory.xml.XmlBeanDefinitionReader.loadBeanDefinitions(XmlBeanDefinitionReader.java:316) - Loading XML bean definitions from class path resource [spring-mybatis.xml]
 2019-04-01 22:09:13 INFO  [main] org.springframework.context.support.AbstractApplicationContext.prepareRefresh(AbstractApplicationContext.java:513) - Refreshing org.springframework.context.support.GenericApplicationContext@5034c75a: startup date [Mon Apr 01 22:09:13 CST 2019]; root of context hierarchy
 2019-04-01 22:09:13 INFO  [main] org.springframework.core.io.support.PropertiesLoaderSupport.loadProperties(PropertiesLoaderSupport.java:172) - Loading properties file from class path resource [jdbc.properties]
 2019-04-01 22:09:13 INFO  [main] org.springframework.core.io.support.PropertiesLoaderSupport.loadProperties(PropertiesLoaderSupport.java:172) - Loading properties file from class path resource [jdbc.properties]
 2019-04-01 22:09:13 INFO  [main] org.springframework.beans.factory.annotation.AutowiredAnnotationBeanPostProcessor.<init>(AutowiredAnnotationBeanPostProcessor.java:141) - JSR-330 'javax.inject.Inject' annotation found and supported for autowiring
 2019-04-01 22:09:15 INFO  [Thread-0] org.springframework.context.support.AbstractApplicationContext.doClose(AbstractApplicationContext.java:873) - Closing org.springframework.context.support.GenericApplicationContext@5034c75a: startup date [Mon Apr 01 22:09:13 CST 2019]; root of context hierarchy
 2019-04-01 22:10:25 INFO  [main] org.springframework.beans.factory.xml.XmlBeanDefinitionReader.loadBeanDefinitions(XmlBeanDefinitionReader.java:316) - Loading XML bean definitions from class path resource [spring-mybatis.xml]
 2019-04-01 22:10:25 INFO  [main] org.springframework.context.support.AbstractApplicationContext.prepareRefresh(AbstractApplicationContext.java:513) - Refreshing org.springframework.context.support.GenericApplicationContext@5034c75a: startup date [Mon Apr 01 22:10:25 CST 2019]; root of context hierarchy
 2019-04-01 22:10:26 INFO  [main] org.springframework.core.io.support.PropertiesLoaderSupport.loadProperties(PropertiesLoaderSupport.java:172) - Loading properties file from class path resource [jdbc.properties]
 2019-04-01 22:10:26 INFO  [main] org.springframework.core.io.support.PropertiesLoaderSupport.loadProperties(PropertiesLoaderSupport.java:172) - Loading properties file from class path resource [jdbc.properties]
 2019-04-01 22:10:26 INFO  [main] org.springframework.beans.factory.annotation.AutowiredAnnotationBeanPostProcessor.<init>(AutowiredAnnotationBeanPostProcessor.java:141) - JSR-330 'javax.inject.Inject' annotation found and supported for autowiring
 2019-04-01 22:10:27 INFO  [main] org.springframework.beans.factory.xml.XmlBeanDefinitionReader.loadBeanDefinitions(XmlBeanDefinitionReader.java:316) - Loading XML bean definitions from class path resource [org/springframework/jdbc/support/sql-error-codes.xml]
 2019-04-01 22:10:27 INFO  [main] org.springframework.jdbc.support.SQLErrorCodesFactory.<init>(SQLErrorCodesFactory.java:126) - SQLErrorCodes loaded: [DB2, Derby, H2, HSQL, Informix, MS-SQL, MySQL, Oracle, PostgreSQL, Sybase]
 2019-04-01 22:10:27 INFO  [Thread-0] org.springframework.context.support.AbstractApplicationContext.doClose(AbstractApplicationContext.java:873) - Closing org.springframework.context.support.GenericApplicationContext@5034c75a: startup date [Mon Apr 01 22:10:25 CST 2019]; root of context hierarchy
 2019-04-01 22:12:20 INFO  [main] org.springframework.beans.factory.xml.XmlBeanDefinitionReader.loadBeanDefinitions(XmlBeanDefinitionReader.java:316) - Loading XML bean definitions from class path resource [spring-mybatis.xml]
 2019-04-01 22:12:21 INFO  [main] org.springframework.context.support.AbstractApplicationContext.prepareRefresh(AbstractApplicationContext.java:513) - Refreshing org.springframework.context.support.GenericApplicationContext@5034c75a: startup date [Mon Apr 01 22:12:21 CST 2019]; root of context hierarchy
 2019-04-01 22:12:21 INFO  [main] org.springframework.core.io.support.PropertiesLoaderSupport.loadProperties(PropertiesLoaderSupport.java:172) - Loading properties file from class path resource [jdbc.properties]
 2019-04-01 22:12:21 INFO  [main] org.springframework.core.io.support.PropertiesLoaderSupport.loadProperties(PropertiesLoaderSupport.java:172) - Loading properties file from class path resource [jdbc.properties]
 2019-04-01 22:12:21 INFO  [main] org.springframework.beans.factory.annotation.AutowiredAnnotationBeanPostProcessor.<init>(AutowiredAnnotationBeanPostProcessor.java:141) - JSR-330 'javax.inject.Inject' annotation found and supported for autowiring
 2019-04-01 22:12:22 INFO  [main] org.springframework.beans.factory.xml.XmlBeanDefinitionReader.loadBeanDefinitions(XmlBeanDefinitionReader.java:316) - Loading XML bean definitions from class path resource [org/springframework/jdbc/support/sql-error-codes.xml]
 2019-04-01 22:12:22 INFO  [main] org.springframework.jdbc.support.SQLErrorCodesFactory.<init>(SQLErrorCodesFactory.java:126) - SQLErrorCodes loaded: [DB2, Derby, H2, HSQL, Informix, MS-SQL, MySQL, Oracle, PostgreSQL, Sybase]
 2019-04-01 22:12:22 INFO  [Thread-0] org.springframework.context.support.AbstractApplicationContext.doClose(AbstractApplicationContext.java:873) - Closing org.springframework.context.support.GenericApplicationContext@5034c75a: startup date [Mon Apr 01 22:12:21 CST 2019]; root of context hierarchy
 2019-04-01 22:16:51 INFO  [main] org.springframework.beans.factory.xml.XmlBeanDefinitionReader.loadBeanDefinitions(XmlBeanDefinitionReader.java:316) - Loading XML bean definitions from class path resource [spring-mybatis.xml]
 2019-04-01 22:16:51 INFO  [main] org.springframework.context.support.AbstractApplicationContext.prepareRefresh(AbstractApplicationContext.java:513) - Refreshing org.springframework.context.support.GenericApplicationContext@5034c75a: startup date [Mon Apr 01 22:16:51 CST 2019]; root of context hierarchy
 2019-04-01 22:16:51 INFO  [main] org.springframework.core.io.support.PropertiesLoaderSupport.loadProperties(PropertiesLoaderSupport.java:172) - Loading properties file from class path resource [jdbc.properties]
 2019-04-01 22:16:51 INFO  [main] org.springframework.core.io.support.PropertiesLoaderSupport.loadProperties(PropertiesLoaderSupport.java:172) - Loading properties file from class path resource [jdbc.properties]
 2019-04-01 22:16:52 INFO  [main] org.springframework.beans.factory.annotation.AutowiredAnnotationBeanPostProcessor.<init>(AutowiredAnnotationBeanPostProcessor.java:141) - JSR-330 'javax.inject.Inject' annotation found and supported for autowiring
 2019-04-01 22:16:53 INFO  [main] org.springframework.beans.factory.xml.XmlBeanDefinitionReader.loadBeanDefinitions(XmlBeanDefinitionReader.java:316) - Loading XML bean definitions from class path resource [org/springframework/jdbc/support/sql-error-codes.xml]
 2019-04-01 22:16:53 INFO  [main] org.springframework.jdbc.support.SQLErrorCodesFactory.<init>(SQLErrorCodesFactory.java:126) - SQLErrorCodes loaded: [DB2, Derby, H2, HSQL, Informix, MS-SQL, MySQL, Oracle, PostgreSQL, Sybase]
 2019-04-01 22:16:53 INFO  [Thread-0] org.springframework.context.support.AbstractApplicationContext.doClose(AbstractApplicationContext.java:873) - Closing org.springframework.context.support.GenericApplicationContext@5034c75a: startup date [Mon Apr 01 22:16:51 CST 2019]; root of context hierarchy
 2019-04-01 22:18:10 INFO  [main] org.springframework.beans.factory.xml.XmlBeanDefinitionReader.loadBeanDefinitions(XmlBeanDefinitionReader.java:316) - Loading XML bean definitions from class path resource [spring-mybatis.xml]
 2019-04-01 22:18:10 INFO  [main] org.springframework.context.support.AbstractApplicationContext.prepareRefresh(AbstractApplicationContext.java:513) - Refreshing org.springframework.context.support.GenericApplicationContext@5034c75a: startup date [Mon Apr 01 22:18:10 CST 2019]; root of context hierarchy
 2019-04-01 22:18:10 INFO  [main] org.springframework.core.io.support.PropertiesLoaderSupport.loadProperties(PropertiesLoaderSupport.java:172) - Loading properties file from class path resource [jdbc.properties]
 2019-04-01 22:18:10 INFO  [main] org.springframework.core.io.support.PropertiesLoaderSupport.loadProperties(PropertiesLoaderSupport.java:172) - Loading properties file from class path resource [jdbc.properties]
 2019-04-01 22:18:10 INFO  [main] org.springframework.beans.factory.annotation.AutowiredAnnotationBeanPostProcessor.<init>(AutowiredAnnotationBeanPostProcessor.java:141) - JSR-330 'javax.inject.Inject' annotation found and supported for autowiring
 2019-04-01 22:18:12 INFO  [Thread-0] org.springframework.context.support.AbstractApplicationContext.doClose(AbstractApplicationContext.java:873) - Closing org.springframework.context.support.GenericApplicationContext@5034c75a: startup date [Mon Apr 01 22:18:10 CST 2019]; root of context hierarchy
 2019-04-18 02:27:43 INFO  [main] org.springframework.beans.factory.xml.XmlBeanDefinitionReader.loadBeanDefinitions(XmlBeanDefinitionReader.java:316) - Loading XML bean definitions from class path resource [spring-mybatis.xml]
 2019-04-18 02:27:44 INFO  [main] org.springframework.context.support.AbstractApplicationContext.prepareRefresh(AbstractApplicationContext.java:513) - Refreshing org.springframework.context.support.GenericApplicationContext@5034c75a: startup date [Thu Apr 18 02:27:44 CST 2019]; root of context hierarchy
 2019-04-18 02:27:44 INFO  [main] org.springframework.core.io.support.PropertiesLoaderSupport.loadProperties(PropertiesLoaderSupport.java:172) - Loading properties file from class path resource [jdbc.properties]
 2019-04-18 02:27:44 INFO  [main] org.springframework.core.io.support.PropertiesLoaderSupport.loadProperties(PropertiesLoaderSupport.java:172) - Loading properties file from class path resource [jdbc.properties]
 2019-04-18 02:27:44 INFO  [main] org.springframework.beans.factory.annotation.AutowiredAnnotationBeanPostProcessor.<init>(AutowiredAnnotationBeanPostProcessor.java:141) - JSR-330 'javax.inject.Inject' annotation found and supported for autowiring
 2019-04-18 02:27:45 INFO  [Thread-0] org.springframework.context.support.AbstractApplicationContext.doClose(AbstractApplicationContext.java:873) - Closing org.springframework.context.support.GenericApplicationContext@5034c75a: startup date [Thu Apr 18 02:27:44 CST 2019]; root of context hierarchy
 2019-04-18 03:09:10 INFO  [main] org.springframework.beans.factory.xml.XmlBeanDefinitionReader.loadBeanDefinitions(XmlBeanDefinitionReader.java:316) - Loading XML bean definitions from class path resource [spring-mybatis.xml]
 2019-04-18 03:09:11 INFO  [main] org.springframework.context.support.AbstractApplicationContext.prepareRefresh(AbstractApplicationContext.java:513) - Refreshing org.springframework.context.support.GenericApplicationContext@5034c75a: startup date [Thu Apr 18 03:09:11 CST 2019]; root of context hierarchy
 2019-04-18 03:09:11 INFO  [main] org.springframework.core.io.support.PropertiesLoaderSupport.loadProperties(PropertiesLoaderSupport.java:172) - Loading properties file from class path resource [jdbc.properties]
 2019-04-18 03:09:11 INFO  [main] org.springframework.core.io.support.PropertiesLoaderSupport.loadProperties(PropertiesLoaderSupport.java:172) - Loading properties file from class path resource [jdbc.properties]
 2019-04-18 03:09:11 INFO  [main] org.springframework.beans.factory.annotation.AutowiredAnnotationBeanPostProcessor.<init>(AutowiredAnnotationBeanPostProcessor.java:141) - JSR-330 'javax.inject.Inject' annotation found and supported for autowiring
 2019-04-18 03:09:12 INFO  [Thread-0] org.springframework.context.support.AbstractApplicationContext.doClose(AbstractApplicationContext.java:873) - Closing org.springframework.context.support.GenericApplicationContext@5034c75a: startup date [Thu Apr 18 03:09:11 CST 2019]; root of context hierarchy
 2019-04-19 00:36:26 INFO  [main] org.springframework.beans.factory.xml.XmlBeanDefinitionReader.loadBeanDefinitions(XmlBeanDefinitionReader.java:316) - Loading XML bean definitions from class path resource [spring-mybatis.xml]
 2019-04-19 00:36:26 INFO  [main] org.springframework.context.support.AbstractApplicationContext.prepareRefresh(AbstractApplicationContext.java:513) - Refreshing org.springframework.context.support.GenericApplicationContext@5034c75a: startup date [Fri Apr 19 00:36:26 CST 2019]; root of context hierarchy
 2019-04-19 00:36:27 INFO  [main] org.springframework.core.io.support.PropertiesLoaderSupport.loadProperties(PropertiesLoaderSupport.java:172) - Loading properties file from class path resource [jdbc.properties]
 2019-04-19 00:36:27 INFO  [main] org.springframework.core.io.support.PropertiesLoaderSupport.loadProperties(PropertiesLoaderSupport.java:172) - Loading properties file from class path resource [jdbc.properties]
 2019-04-19 00:36:27 INFO  [main] org.springframework.beans.factory.annotation.AutowiredAnnotationBeanPostProcessor.<init>(AutowiredAnnotationBeanPostProcessor.java:141) - JSR-330 'javax.inject.Inject' annotation found and supported for autowiring
 2019-04-19 00:36:27 INFO  [Thread-0] org.springframework.context.support.AbstractApplicationContext.doClose(AbstractApplicationContext.java:873) - Closing org.springframework.context.support.GenericApplicationContext@5034c75a: startup date [Fri Apr 19 00:36:26 CST 2019]; root of context hierarchy
 2019-04-19 00:37:12 INFO  [main] org.springframework.beans.factory.xml.XmlBeanDefinitionReader.loadBeanDefinitions(XmlBeanDefinitionReader.java:316) - Loading XML bean definitions from class path resource [spring-mybatis.xml]
 2019-04-19 00:37:13 INFO  [main] org.springframework.context.support.AbstractApplicationContext.prepareRefresh(AbstractApplicationContext.java:513) - Refreshing org.springframework.context.support.GenericApplicationContext@5034c75a: startup date [Fri Apr 19 00:37:13 CST 2019]; root of context hierarchy
 2019-04-19 00:37:13 INFO  [main] org.springframework.core.io.support.PropertiesLoaderSupport.loadProperties(PropertiesLoaderSupport.java:172) - Loading properties file from class path resource [jdbc.properties]
 2019-04-19 00:37:13 INFO  [main] org.springframework.core.io.support.PropertiesLoaderSupport.loadProperties(PropertiesLoaderSupport.java:172) - Loading properties file from class path resource [jdbc.properties]
 2019-04-19 00:37:13 INFO  [main] org.springframework.beans.factory.annotation.AutowiredAnnotationBeanPostProcessor.<init>(AutowiredAnnotationBeanPostProcessor.java:141) - JSR-330 'javax.inject.Inject' annotation found and supported for autowiring
 2019-04-19 00:37:14 INFO  [Thread-0] org.springframework.context.support.AbstractApplicationContext.doClose(AbstractApplicationContext.java:873) - Closing org.springframework.context.support.GenericApplicationContext@5034c75a: startup date [Fri Apr 19 00:37:13 CST 2019]; root of context hierarchy
 2019-04-19 00:37:54 INFO  [main] org.springframework.beans.factory.xml.XmlBeanDefinitionReader.loadBeanDefinitions(XmlBeanDefinitionReader.java:316) - Loading XML bean definitions from class path resource [spring-mybatis.xml]
 2019-04-19 00:37:55 INFO  [main] org.springframework.context.support.AbstractApplicationContext.prepareRefresh(AbstractApplicationContext.java:513) - Refreshing org.springframework.context.support.GenericApplicationContext@5034c75a: startup date [Fri Apr 19 00:37:55 CST 2019]; root of context hierarchy
 2019-04-19 00:37:55 INFO  [main] org.springframework.core.io.support.PropertiesLoaderSupport.loadProperties(PropertiesLoaderSupport.java:172) - Loading properties file from class path resource [jdbc.properties]
 2019-04-19 00:37:55 INFO  [main] org.springframework.core.io.support.PropertiesLoaderSupport.loadProperties(PropertiesLoaderSupport.java:172) - Loading properties file from class path resource [jdbc.properties]
 2019-04-19 00:37:55 INFO  [main] org.springframework.beans.factory.annotation.AutowiredAnnotationBeanPostProcessor.<init>(AutowiredAnnotationBeanPostProcessor.java:141) - JSR-330 'javax.inject.Inject' annotation found and supported for autowiring
 2019-04-19 00:37:57 INFO  [Thread-0] org.springframework.context.support.AbstractApplicationContext.doClose(AbstractApplicationContext.java:873) - Closing org.springframework.context.support.GenericApplicationContext@5034c75a: startup date [Fri Apr 19 00:37:55 CST 2019]; root of context hierarchy
 2019-04-19 00:38:08 INFO  [main] org.springframework.beans.factory.xml.XmlBeanDefinitionReader.loadBeanDefinitions(XmlBeanDefinitionReader.java:316) - Loading XML bean definitions from class path resource [spring-mybatis.xml]
 2019-04-19 00:38:08 INFO  [main] org.springframework.context.support.AbstractApplicationContext.prepareRefresh(AbstractApplicationContext.java:513) - Refreshing org.springframework.context.support.GenericApplicationContext@5034c75a: startup date [Fri Apr 19 00:38:08 CST 2019]; root of context hierarchy
 2019-04-19 00:38:09 INFO  [main] org.springframework.core.io.support.PropertiesLoaderSupport.loadProperties(PropertiesLoaderSupport.java:172) - Loading properties file from class path resource [jdbc.properties]
 2019-04-19 00:38:09 INFO  [main] org.springframework.core.io.support.PropertiesLoaderSupport.loadProperties(PropertiesLoaderSupport.java:172) - Loading properties file from class path resource [jdbc.properties]
 2019-04-19 00:38:09 INFO  [main] org.springframework.beans.factory.annotation.AutowiredAnnotationBeanPostProcessor.<init>(AutowiredAnnotationBeanPostProcessor.java:141) - JSR-330 'javax.inject.Inject' annotation found and supported for autowiring
 2019-04-19 00:38:10 INFO  [Thread-0] org.springframework.context.support.AbstractApplicationContext.doClose(AbstractApplicationContext.java:873) - Closing org.springframework.context.support.GenericApplicationContext@5034c75a: startup date [Fri Apr 19 00:38:08 CST 2019]; root of context hierarchy
 2019-04-19 00:38:39 INFO  [main] org.springframework.beans.factory.xml.XmlBeanDefinitionReader.loadBeanDefinitions(XmlBeanDefinitionReader.java:316) - Loading XML bean definitions from class path resource [spring-mybatis.xml]
 2019-04-19 00:38:39 INFO  [main] org.springframework.context.support.AbstractApplicationContext.prepareRefresh(AbstractApplicationContext.java:513) - Refreshing org.springframework.context.support.GenericApplicationContext@5034c75a: startup date [Fri Apr 19 00:38:39 CST 2019]; root of context hierarchy
 2019-04-19 00:38:39 INFO  [main] org.springframework.core.io.support.PropertiesLoaderSupport.loadProperties(PropertiesLoaderSupport.java:172) - Loading properties file from class path resource [jdbc.properties]
 2019-04-19 00:38:39 INFO  [main] org.springframework.core.io.support.PropertiesLoaderSupport.loadProperties(PropertiesLoaderSupport.java:172) - Loading properties file from class path resource [jdbc.properties]
 2019-04-19 00:38:39 INFO  [main] org.springframework.beans.factory.annotation.AutowiredAnnotationBeanPostProcessor.<init>(AutowiredAnnotationBeanPostProcessor.java:141) - JSR-330 'javax.inject.Inject' annotation found and supported for autowiring
 2019-04-19 00:38:40 INFO  [Thread-0] org.springframework.context.support.AbstractApplicationContext.doClose(AbstractApplicationContext.java:873) - Closing org.springframework.context.support.GenericApplicationContext@5034c75a: startup date [Fri Apr 19 00:38:39 CST 2019]; root of context hierarchy
 2019-04-21 22:02:09 INFO  [main] org.springframework.beans.factory.xml.XmlBeanDefinitionReader.loadBeanDefinitions(XmlBeanDefinitionReader.java:316) - Loading XML bean definitions from class path resource [spring-mybatis.xml]
 2019-04-21 22:02:09 INFO  [main] org.springframework.context.support.AbstractApplicationContext.prepareRefresh(AbstractApplicationContext.java:513) - Refreshing org.springframework.context.support.GenericApplicationContext@5d5eef3d: startup date [Sun Apr 21 22:02:09 CST 2019]; root of context hierarchy
 2019-04-21 22:02:10 INFO  [main] org.springframework.core.io.support.PropertiesLoaderSupport.loadProperties(PropertiesLoaderSupport.java:172) - Loading properties file from class path resource [jdbc.properties]
 2019-04-21 22:02:10 INFO  [main] org.springframework.core.io.support.PropertiesLoaderSupport.loadProperties(PropertiesLoaderSupport.java:172) - Loading properties file from class path resource [jdbc.properties]
 2019-04-21 22:02:10 INFO  [main] org.springframework.beans.factory.annotation.AutowiredAnnotationBeanPostProcessor.<init>(AutowiredAnnotationBeanPostProcessor.java:141) - JSR-330 'javax.inject.Inject' annotation found and supported for autowiring
 2019-04-21 22:02:11 INFO  [Thread-0] org.springframework.context.support.AbstractApplicationContext.doClose(AbstractApplicationContext.java:873) - Closing org.springframework.context.support.GenericApplicationContext@5d5eef3d: startup date [Sun Apr 21 22:02:09 CST 2019]; root of context hierarchy
 2019-04-21 22:05:38 INFO  [main] org.springframework.beans.factory.xml.XmlBeanDefinitionReader.loadBeanDefinitions(XmlBeanDefinitionReader.java:316) - Loading XML bean definitions from class path resource [spring-mybatis.xml]
 2019-04-21 22:05:38 INFO  [main] org.springframework.context.support.AbstractApplicationContext.prepareRefresh(AbstractApplicationContext.java:513) - Refreshing org.springframework.context.support.GenericApplicationContext@5034c75a: startup date [Sun Apr 21 22:05:38 CST 2019]; root of context hierarchy
 2019-04-21 22:05:39 INFO  [main] org.springframework.core.io.support.PropertiesLoaderSupport.loadProperties(PropertiesLoaderSupport.java:172) - Loading properties file from class path resource [jdbc.properties]
 2019-04-21 22:05:39 INFO  [main] org.springframework.core.io.support.PropertiesLoaderSupport.loadProperties(PropertiesLoaderSupport.java:172) - Loading properties file from class path resource [jdbc.properties]
 2019-04-21 22:05:39 INFO  [main] org.springframework.beans.factory.annotation.AutowiredAnnotationBeanPostProcessor.<init>(AutowiredAnnotationBeanPostProcessor.java:141) - JSR-330 'javax.inject.Inject' annotation found and supported for autowiring
 2019-04-21 22:05:40 INFO  [Thread-0] org.springframework.context.support.AbstractApplicationContext.doClose(AbstractApplicationContext.java:873) - Closing org.springframework.context.support.GenericApplicationContext@5034c75a: startup date [Sun Apr 21 22:05:38 CST 2019]; root of context hierarchy
 2019-04-21 22:59:42 INFO  [main] org.springframework.beans.factory.xml.XmlBeanDefinitionReader.loadBeanDefinitions(XmlBeanDefinitionReader.java:316) - Loading XML bean definitions from class path resource [spring-mybatis.xml]
 2019-04-21 22:59:42 INFO  [main] org.springframework.context.support.AbstractApplicationContext.prepareRefresh(AbstractApplicationContext.java:513) - Refreshing org.springframework.context.support.GenericApplicationContext@5034c75a: startup date [Sun Apr 21 22:59:42 CST 2019]; root of context hierarchy
 2019-04-21 22:59:42 INFO  [main] org.springframework.core.io.support.PropertiesLoaderSupport.loadProperties(PropertiesLoaderSupport.java:172) - Loading properties file from class path resource [jdbc.properties]
 2019-04-21 22:59:42 INFO  [main] org.springframework.core.io.support.PropertiesLoaderSupport.loadProperties(PropertiesLoaderSupport.java:172) - Loading properties file from class path resource [jdbc.properties]
 2019-04-21 22:59:42 INFO  [main] org.springframework.beans.factory.annotation.AutowiredAnnotationBeanPostProcessor.<init>(AutowiredAnnotationBeanPostProcessor.java:141) - JSR-330 'javax.inject.Inject' annotation found and supported for autowiring
 2019-04-21 22:59:44 INFO  [Thread-0] org.springframework.context.support.AbstractApplicationContext.doClose(AbstractApplicationContext.java:873) - Closing org.springframework.context.support.GenericApplicationContext@5034c75a: startup date [Sun Apr 21 22:59:42 CST 2019]; root of context hierarchy
 2019-04-21 23:06:24 INFO  [main] org.springframework.beans.factory.xml.XmlBeanDefinitionReader.loadBeanDefinitions(XmlBeanDefinitionReader.java:316) - Loading XML bean definitions from class path resource [spring-mybatis.xml]
 2019-04-21 23:06:25 INFO  [main] org.springframework.context.support.AbstractApplicationContext.prepareRefresh(AbstractApplicationContext.java:513) - Refreshing org.springframework.context.support.GenericApplicationContext@643b1d11: startup date [Sun Apr 21 23:06:25 CST 2019]; root of context hierarchy
 2019-04-21 23:06:25 INFO  [main] org.springframework.core.io.support.PropertiesLoaderSupport.loadProperties(PropertiesLoaderSupport.java:172) - Loading properties file from class path resource [jdbc.properties]
 2019-04-21 23:06:25 INFO  [main] org.springframework.core.io.support.PropertiesLoaderSupport.loadProperties(PropertiesLoaderSupport.java:172) - Loading properties file from class path resource [jdbc.properties]
 2019-04-21 23:06:25 INFO  [main] org.springframework.beans.factory.annotation.AutowiredAnnotationBeanPostProcessor.<init>(AutowiredAnnotationBeanPostProcessor.java:141) - JSR-330 'javax.inject.Inject' annotation found and supported for autowiring
 2019-04-21 23:06:25 INFO  [Thread-0] org.springframework.context.support.AbstractApplicationContext.doClose(AbstractApplicationContext.java:873) - Closing org.springframework.context.support.GenericApplicationContext@643b1d11: startup date [Sun Apr 21 23:06:25 CST 2019]; root of context hierarchy
 2019-04-21 23:08:15 INFO  [main] org.springframework.beans.factory.xml.XmlBeanDefinitionReader.loadBeanDefinitions(XmlBeanDefinitionReader.java:316) - Loading XML bean definitions from class path resource [spring-mybatis.xml]
 2019-04-21 23:08:15 INFO  [main] org.springframework.context.support.AbstractApplicationContext.prepareRefresh(AbstractApplicationContext.java:513) - Refreshing org.springframework.context.support.GenericApplicationContext@5034c75a: startup date [Sun Apr 21 23:08:15 CST 2019]; root of context hierarchy
 2019-04-21 23:08:15 INFO  [main] org.springframework.core.io.support.PropertiesLoaderSupport.loadProperties(PropertiesLoaderSupport.java:172) - Loading properties file from class path resource [jdbc.properties]
 2019-04-21 23:08:15 INFO  [main] org.springframework.core.io.support.PropertiesLoaderSupport.loadProperties(PropertiesLoaderSupport.java:172) - Loading properties file from class path resource [jdbc.properties]
 2019-04-21 23:08:15 INFO  [main] org.springframework.beans.factory.annotation.AutowiredAnnotationBeanPostProcessor.<init>(AutowiredAnnotationBeanPostProcessor.java:141) - JSR-330 'javax.inject.Inject' annotation found and supported for autowiring
 2019-04-21 23:08:16 INFO  [main] org.springframework.beans.factory.xml.XmlBeanDefinitionReader.loadBeanDefinitions(XmlBeanDefinitionReader.java:316) - Loading XML bean definitions from class path resource [org/springframework/jdbc/support/sql-error-codes.xml]
 2019-04-21 23:08:16 INFO  [main] org.springframework.jdbc.support.SQLErrorCodesFactory.<init>(SQLErrorCodesFactory.java:126) - SQLErrorCodes loaded: [DB2, Derby, H2, HSQL, Informix, MS-SQL, MySQL, Oracle, PostgreSQL, Sybase]
 2019-04-21 23:08:16 INFO  [Thread-0] org.springframework.context.support.AbstractApplicationContext.doClose(AbstractApplicationContext.java:873) - Closing org.springframework.context.support.GenericApplicationContext@5034c75a: startup date [Sun Apr 21 23:08:15 CST 2019]; root of context hierarchy
 2019-04-21 23:09:07 INFO  [main] org.springframework.beans.factory.xml.XmlBeanDefinitionReader.loadBeanDefinitions(XmlBeanDefinitionReader.java:316) - Loading XML bean definitions from class path resource [spring-mybatis.xml]
 2019-04-21 23:09:07 INFO  [main] org.springframework.context.support.AbstractApplicationContext.prepareRefresh(AbstractApplicationContext.java:513) - Refreshing org.springframework.context.support.GenericApplicationContext@5034c75a: startup date [Sun Apr 21 23:09:07 CST 2019]; root of context hierarchy
 2019-04-21 23:09:07 INFO  [main] org.springframework.core.io.support.PropertiesLoaderSupport.loadProperties(PropertiesLoaderSupport.java:172) - Loading properties file from class path resource [jdbc.properties]
 2019-04-21 23:09:07 INFO  [main] org.springframework.core.io.support.PropertiesLoaderSupport.loadProperties(PropertiesLoaderSupport.java:172) - Loading properties file from class path resource [jdbc.properties]
 2019-04-21 23:09:07 INFO  [main] org.springframework.beans.factory.annotation.AutowiredAnnotationBeanPostProcessor.<init>(AutowiredAnnotationBeanPostProcessor.java:141) - JSR-330 'javax.inject.Inject' annotation found and supported for autowiring
 2019-04-21 23:09:08 INFO  [Thread-0] org.springframework.context.support.AbstractApplicationContext.doClose(AbstractApplicationContext.java:873) - Closing org.springframework.context.support.GenericApplicationContext@5034c75a: startup date [Sun Apr 21 23:09:07 CST 2019]; root of context hierarchy
 2019-04-22 23:51:35 INFO  [main] org.springframework.beans.factory.xml.XmlBeanDefinitionReader.loadBeanDefinitions(XmlBeanDefinitionReader.java:316) - Loading XML bean definitions from class path resource [spring-mybatis.xml]
 2019-04-22 23:51:36 INFO  [main] org.springframework.context.support.AbstractApplicationContext.prepareRefresh(AbstractApplicationContext.java:513) - Refreshing org.springframework.context.support.GenericApplicationContext@5d5eef3d: startup date [Mon Apr 22 23:51:36 CST 2019]; root of context hierarchy
 2019-04-22 23:51:36 INFO  [main] org.springframework.core.io.support.PropertiesLoaderSupport.loadProperties(PropertiesLoaderSupport.java:172) - Loading properties file from class path resource [jdbc.properties]
 2019-04-22 23:51:36 INFO  [main] org.springframework.core.io.support.PropertiesLoaderSupport.loadProperties(PropertiesLoaderSupport.java:172) - Loading properties file from class path resource [jdbc.properties]
 2019-04-22 23:51:36 INFO  [main] org.springframework.beans.factory.annotation.AutowiredAnnotationBeanPostProcessor.<init>(AutowiredAnnotationBeanPostProcessor.java:141) - JSR-330 'javax.inject.Inject' annotation found and supported for autowiring
 2019-04-22 23:51:37 INFO  [Thread-0] org.springframework.context.support.AbstractApplicationContext.doClose(AbstractApplicationContext.java:873) - Closing org.springframework.context.support.GenericApplicationContext@5d5eef3d: startup date [Mon Apr 22 23:51:36 CST 2019]; root of context hierarchy
 2019-04-22 23:52:36 INFO  [main] org.springframework.beans.factory.xml.XmlBeanDefinitionReader.loadBeanDefinitions(XmlBeanDefinitionReader.java:316) - Loading XML bean definitions from class path resource [spring-mybatis.xml]
 2019-04-22 23:52:36 INFO  [main] org.springframework.context.support.AbstractApplicationContext.prepareRefresh(AbstractApplicationContext.java:513) - Refreshing org.springframework.context.support.GenericApplicationContext@5034c75a: startup date [Mon Apr 22 23:52:36 CST 2019]; root of context hierarchy
 2019-04-22 23:52:36 INFO  [main] org.springframework.core.io.support.PropertiesLoaderSupport.loadProperties(PropertiesLoaderSupport.java:172) - Loading properties file from class path resource [jdbc.properties]
 2019-04-22 23:52:36 INFO  [main] org.springframework.core.io.support.PropertiesLoaderSupport.loadProperties(PropertiesLoaderSupport.java:172) - Loading properties file from class path resource [jdbc.properties]
 2019-04-22 23:52:36 INFO  [main] org.springframework.beans.factory.annotation.AutowiredAnnotationBeanPostProcessor.<init>(AutowiredAnnotationBeanPostProcessor.java:141) - JSR-330 'javax.inject.Inject' annotation found and supported for autowiring
 2019-04-22 23:52:37 INFO  [Thread-0] org.springframework.context.support.AbstractApplicationContext.doClose(AbstractApplicationContext.java:873) - Closing org.springframework.context.support.GenericApplicationContext@5034c75a: startup date [Mon Apr 22 23:52:36 CST 2019]; root of context hierarchy
 2019-04-22 23:53:42 INFO  [main] org.springframework.beans.factory.xml.XmlBeanDefinitionReader.loadBeanDefinitions(XmlBeanDefinitionReader.java:316) - Loading XML bean definitions from class path resource [spring-mybatis.xml]
 2019-04-22 23:53:42 INFO  [main] org.springframework.context.support.AbstractApplicationContext.prepareRefresh(AbstractApplicationContext.java:513) - Refreshing org.springframework.context.support.GenericApplicationContext@5034c75a: startup date [Mon Apr 22 23:53:42 CST 2019]; root of context hierarchy
 2019-04-22 23:53:42 INFO  [main] org.springframework.core.io.support.PropertiesLoaderSupport.loadProperties(PropertiesLoaderSupport.java:172) - Loading properties file from class path resource [jdbc.properties]
 2019-04-22 23:53:42 INFO  [main] org.springframework.core.io.support.PropertiesLoaderSupport.loadProperties(PropertiesLoaderSupport.java:172) - Loading properties file from class path resource [jdbc.properties]
 2019-04-22 23:53:42 INFO  [main] org.springframework.beans.factory.annotation.AutowiredAnnotationBeanPostProcessor.<init>(AutowiredAnnotationBeanPostProcessor.java:141) - JSR-330 'javax.inject.Inject' annotation found and supported for autowiring
 2019-04-22 23:53:44 INFO  [Thread-0] org.springframework.context.support.AbstractApplicationContext.doClose(AbstractApplicationContext.java:873) - Closing org.springframework.context.support.GenericApplicationContext@5034c75a: startup date [Mon Apr 22 23:53:42 CST 2019]; root of context hierarchy
 2019-04-22 23:54:32 INFO  [main] org.springframework.beans.factory.xml.XmlBeanDefinitionReader.loadBeanDefinitions(XmlBeanDefinitionReader.java:316) - Loading XML bean definitions from class path resource [spring-mybatis.xml]
 2019-04-22 23:54:32 INFO  [main] org.springframework.context.support.AbstractApplicationContext.prepareRefresh(AbstractApplicationContext.java:513) - Refreshing org.springframework.context.support.GenericApplicationContext@5034c75a: startup date [Mon Apr 22 23:54:32 CST 2019]; root of context hierarchy
 2019-04-22 23:54:33 INFO  [main] org.springframework.core.io.support.PropertiesLoaderSupport.loadProperties(PropertiesLoaderSupport.java:172) - Loading properties file from class path resource [jdbc.properties]
 2019-04-22 23:54:33 INFO  [main] org.springframework.core.io.support.PropertiesLoaderSupport.loadProperties(PropertiesLoaderSupport.java:172) - Loading properties file from class path resource [jdbc.properties]
 2019-04-22 23:54:33 INFO  [main] org.springframework.beans.factory.annotation.AutowiredAnnotationBeanPostProcessor.<init>(AutowiredAnnotationBeanPostProcessor.java:141) - JSR-330 'javax.inject.Inject' annotation found and supported for autowiring
 2019-04-22 23:54:34 INFO  [Thread-0] org.springframework.context.support.AbstractApplicationContext.doClose(AbstractApplicationContext.java:873) - Closing org.springframework.context.support.GenericApplicationContext@5034c75a: startup date [Mon Apr 22 23:54:32 CST 2019]; root of context hierarchy
 2019-04-23 00:11:44 INFO  [main] org.springframework.beans.factory.xml.XmlBeanDefinitionReader.loadBeanDefinitions(XmlBeanDefinitionReader.java:316) - Loading XML bean definitions from class path resource [spring-mybatis.xml]
 2019-04-23 00:11:44 INFO  [main] org.springframework.context.support.AbstractApplicationContext.prepareRefresh(AbstractApplicationContext.java:513) - Refreshing org.springframework.context.support.GenericApplicationContext@643b1d11: startup date [Tue Apr 23 00:11:44 CST 2019]; root of context hierarchy
 2019-04-23 00:11:44 INFO  [main] org.springframework.core.io.support.PropertiesLoaderSupport.loadProperties(PropertiesLoaderSupport.java:172) - Loading properties file from class path resource [jdbc.properties]
 2019-04-23 00:11:44 INFO  [main] org.springframework.core.io.support.PropertiesLoaderSupport.loadProperties(PropertiesLoaderSupport.java:172) - Loading properties file from class path resource [jdbc.properties]
 2019-04-23 00:11:44 INFO  [main] org.springframework.beans.factory.annotation.AutowiredAnnotationBeanPostProcessor.<init>(AutowiredAnnotationBeanPostProcessor.java:141) - JSR-330 'javax.inject.Inject' annotation found and supported for autowiring
 2019-04-23 00:11:45 INFO  [Thread-0] org.springframework.context.support.AbstractApplicationContext.doClose(AbstractApplicationContext.java:873) - Closing org.springframework.context.support.GenericApplicationContext@643b1d11: startup date [Tue Apr 23 00:11:44 CST 2019]; root of context hierarchy
 2019-04-23 00:12:17 INFO  [main] org.springframework.beans.factory.xml.XmlBeanDefinitionReader.loadBeanDefinitions(XmlBeanDefinitionReader.java:316) - Loading XML bean definitions from class path resource [spring-mybatis.xml]
 2019-04-23 00:12:17 INFO  [main] org.springframework.context.support.AbstractApplicationContext.prepareRefresh(AbstractApplicationContext.java:513) - Refreshing org.springframework.context.support.GenericApplicationContext@643b1d11: startup date [Tue Apr 23 00:12:17 CST 2019]; root of context hierarchy
 2019-04-23 00:12:17 INFO  [main] org.springframework.core.io.support.PropertiesLoaderSupport.loadProperties(PropertiesLoaderSupport.java:172) - Loading properties file from class path resource [jdbc.properties]
 2019-04-23 00:12:17 INFO  [main] org.springframework.core.io.support.PropertiesLoaderSupport.loadProperties(PropertiesLoaderSupport.java:172) - Loading properties file from class path resource [jdbc.properties]
 2019-04-23 00:12:17 INFO  [main] org.springframework.beans.factory.annotation.AutowiredAnnotationBeanPostProcessor.<init>(AutowiredAnnotationBeanPostProcessor.java:141) - JSR-330 'javax.inject.Inject' annotation found and supported for autowiring
 2019-04-23 00:12:18 INFO  [Thread-0] org.springframework.context.support.AbstractApplicationContext.doClose(AbstractApplicationContext.java:873) - Closing org.springframework.context.support.GenericApplicationContext@643b1d11: startup date [Tue Apr 23 00:12:17 CST 2019]; root of context hierarchy
 2019-04-23 00:14:37 INFO  [main] org.springframework.beans.factory.xml.XmlBeanDefinitionReader.loadBeanDefinitions(XmlBeanDefinitionReader.java:316) - Loading XML bean definitions from class path resource [spring-mybatis.xml]
 2019-04-23 00:14:37 INFO  [main] org.springframework.context.support.AbstractApplicationContext.prepareRefresh(AbstractApplicationContext.java:513) - Refreshing org.springframework.context.support.GenericApplicationContext@643b1d11: startup date [Tue Apr 23 00:14:37 CST 2019]; root of context hierarchy
 2019-04-23 00:14:37 INFO  [main] org.springframework.core.io.support.PropertiesLoaderSupport.loadProperties(PropertiesLoaderSupport.java:172) - Loading properties file from class path resource [jdbc.properties]
 2019-04-23 00:14:37 INFO  [main] org.springframework.core.io.support.PropertiesLoaderSupport.loadProperties(PropertiesLoaderSupport.java:172) - Loading properties file from class path resource [jdbc.properties]
 2019-04-23 00:14:37 INFO  [main] org.springframework.beans.factory.annotation.AutowiredAnnotationBeanPostProcessor.<init>(AutowiredAnnotationBeanPostProcessor.java:141) - JSR-330 'javax.inject.Inject' annotation found and supported for autowiring
 2019-04-23 00:14:38 INFO  [Thread-0] org.springframework.context.support.AbstractApplicationContext.doClose(AbstractApplicationContext.java:873) - Closing org.springframework.context.support.GenericApplicationContext@643b1d11: startup date [Tue Apr 23 00:14:37 CST 2019]; root of context hierarchy
 2019-04-23 00:15:41 INFO  [main] org.springframework.beans.factory.xml.XmlBeanDefinitionReader.loadBeanDefinitions(XmlBeanDefinitionReader.java:316) - Loading XML bean definitions from class path resource [spring-mybatis.xml]
 2019-04-23 00:15:41 INFO  [main] org.springframework.context.support.AbstractApplicationContext.prepareRefresh(AbstractApplicationContext.java:513) - Refreshing org.springframework.context.support.GenericApplicationContext@643b1d11: startup date [Tue Apr 23 00:15:41 CST 2019]; root of context hierarchy
 2019-04-23 00:15:41 INFO  [main] org.springframework.core.io.support.PropertiesLoaderSupport.loadProperties(PropertiesLoaderSupport.java:172) - Loading properties file from class path resource [jdbc.properties]
 2019-04-23 00:15:41 INFO  [main] org.springframework.core.io.support.PropertiesLoaderSupport.loadProperties(PropertiesLoaderSupport.java:172) - Loading properties file from class path resource [jdbc.properties]
 2019-04-23 00:15:41 INFO  [main] org.springframework.beans.factory.annotation.AutowiredAnnotationBeanPostProcessor.<init>(AutowiredAnnotationBeanPostProcessor.java:141) - JSR-330 'javax.inject.Inject' annotation found and supported for autowiring
 2019-04-23 00:15:42 INFO  [Thread-0] org.springframework.context.support.AbstractApplicationContext.doClose(AbstractApplicationContext.java:873) - Closing org.springframework.context.support.GenericApplicationContext@643b1d11: startup date [Tue Apr 23 00:15:41 CST 2019]; root of context hierarchy
 2019-04-23 00:18:07 INFO  [main] org.springframework.beans.factory.xml.XmlBeanDefinitionReader.loadBeanDefinitions(XmlBeanDefinitionReader.java:316) - Loading XML bean definitions from class path resource [spring-mybatis.xml]
 2019-04-23 00:18:07 INFO  [main] org.springframework.context.support.AbstractApplicationContext.prepareRefresh(AbstractApplicationContext.java:513) - Refreshing org.springframework.context.support.GenericApplicationContext@643b1d11: startup date [Tue Apr 23 00:18:07 CST 2019]; root of context hierarchy
 2019-04-23 00:18:07 INFO  [main] org.springframework.core.io.support.PropertiesLoaderSupport.loadProperties(PropertiesLoaderSupport.java:172) - Loading properties file from class path resource [jdbc.properties]
 2019-04-23 00:18:07 INFO  [main] org.springframework.core.io.support.PropertiesLoaderSupport.loadProperties(PropertiesLoaderSupport.java:172) - Loading properties file from class path resource [jdbc.properties]
 2019-04-23 00:18:07 INFO  [main] org.springframework.beans.factory.annotation.AutowiredAnnotationBeanPostProcessor.<init>(AutowiredAnnotationBeanPostProcessor.java:141) - JSR-330 'javax.inject.Inject' annotation found and supported for autowiring
 2019-04-23 00:18:08 INFO  [Thread-0] org.springframework.context.support.AbstractApplicationContext.doClose(AbstractApplicationContext.java:873) - Closing org.springframework.context.support.GenericApplicationContext@643b1d11: startup date [Tue Apr 23 00:18:07 CST 2019]; root of context hierarchy
 2019-04-23 00:24:17 INFO  [main] org.springframework.beans.factory.xml.XmlBeanDefinitionReader.loadBeanDefinitions(XmlBeanDefinitionReader.java:316) - Loading XML bean definitions from class path resource [spring-mybatis.xml]
 2019-04-23 00:24:17 INFO  [main] org.springframework.context.support.AbstractApplicationContext.prepareRefresh(AbstractApplicationContext.java:513) - Refreshing org.springframework.context.support.GenericApplicationContext@7692d9cc: startup date [Tue Apr 23 00:24:17 CST 2019]; root of context hierarchy
 2019-04-23 00:24:17 INFO  [main] org.springframework.core.io.support.PropertiesLoaderSupport.loadProperties(PropertiesLoaderSupport.java:172) - Loading properties file from class path resource [jdbc.properties]
 2019-04-23 00:24:17 INFO  [main] org.springframework.core.io.support.PropertiesLoaderSupport.loadProperties(PropertiesLoaderSupport.java:172) - Loading properties file from class path resource [jdbc.properties]
 2019-04-23 00:24:17 INFO  [main] org.springframework.beans.factory.annotation.AutowiredAnnotationBeanPostProcessor.<init>(AutowiredAnnotationBeanPostProcessor.java:141) - JSR-330 'javax.inject.Inject' annotation found and supported for autowiring
 2019-04-23 00:24:18 INFO  [Thread-0] org.springframework.context.support.AbstractApplicationContext.doClose(AbstractApplicationContext.java:873) - Closing org.springframework.context.support.GenericApplicationContext@7692d9cc: startup date [Tue Apr 23 00:24:17 CST 2019]; root of context hierarchy
 2019-04-23 00:24:31 INFO  [main] org.springframework.beans.factory.xml.XmlBeanDefinitionReader.loadBeanDefinitions(XmlBeanDefinitionReader.java:316) - Loading XML bean definitions from class path resource [spring-mybatis.xml]
 2019-04-23 00:24:32 INFO  [main] org.springframework.context.support.AbstractApplicationContext.prepareRefresh(AbstractApplicationContext.java:513) - Refreshing org.springframework.context.support.GenericApplicationContext@643b1d11: startup date [Tue Apr 23 00:24:32 CST 2019]; root of context hierarchy
 2019-04-23 00:24:32 INFO  [main] org.springframework.core.io.support.PropertiesLoaderSupport.loadProperties(PropertiesLoaderSupport.java:172) - Loading properties file from class path resource [jdbc.properties]
 2019-04-23 00:24:32 INFO  [main] org.springframework.core.io.support.PropertiesLoaderSupport.loadProperties(PropertiesLoaderSupport.java:172) - Loading properties file from class path resource [jdbc.properties]
 2019-04-23 00:24:32 INFO  [main] org.springframework.beans.factory.annotation.AutowiredAnnotationBeanPostProcessor.<init>(AutowiredAnnotationBeanPostProcessor.java:141) - JSR-330 'javax.inject.Inject' annotation found and supported for autowiring
 2019-04-23 00:24:32 INFO  [Thread-0] org.springframework.context.support.AbstractApplicationContext.doClose(AbstractApplicationContext.java:873) - Closing org.springframework.context.support.GenericApplicationContext@643b1d11: startup date [Tue Apr 23 00:24:32 CST 2019]; root of context hierarchy
 2019-04-23 00:25:07 INFO  [main] org.springframework.beans.factory.xml.XmlBeanDefinitionReader.loadBeanDefinitions(XmlBeanDefinitionReader.java:316) - Loading XML bean definitions from class path resource [spring-mybatis.xml]
 2019-04-23 00:25:08 INFO  [main] org.springframework.context.support.AbstractApplicationContext.prepareRefresh(AbstractApplicationContext.java:513) - Refreshing org.springframework.context.support.GenericApplicationContext@32d992b2: startup date [Tue Apr 23 00:25:08 CST 2019]; root of context hierarchy
 2019-04-23 00:25:08 INFO  [main] org.springframework.core.io.support.PropertiesLoaderSupport.loadProperties(PropertiesLoaderSupport.java:172) - Loading properties file from class path resource [jdbc.properties]
 2019-04-23 00:25:08 INFO  [main] org.springframework.core.io.support.PropertiesLoaderSupport.loadProperties(PropertiesLoaderSupport.java:172) - Loading properties file from class path resource [jdbc.properties]
 2019-04-23 00:25:08 INFO  [main] org.springframework.beans.factory.annotation.AutowiredAnnotationBeanPostProcessor.<init>(AutowiredAnnotationBeanPostProcessor.java:141) - JSR-330 'javax.inject.Inject' annotation found and supported for autowiring
 2019-04-23 00:25:08 INFO  [Thread-0] org.springframework.context.support.AbstractApplicationContext.doClose(AbstractApplicationContext.java:873) - Closing org.springframework.context.support.GenericApplicationContext@32d992b2: startup date [Tue Apr 23 00:25:08 CST 2019]; root of context hierarchy
 2019-04-23 00:25:20 INFO  [main] org.springframework.beans.factory.xml.XmlBeanDefinitionReader.loadBeanDefinitions(XmlBeanDefinitionReader.java:316) - Loading XML bean definitions from class path resource [spring-mybatis.xml]
 2019-04-23 00:25:20 INFO  [main] org.springframework.context.support.AbstractApplicationContext.prepareRefresh(AbstractApplicationContext.java:513) - Refreshing org.springframework.context.support.GenericApplicationContext@32d992b2: startup date [Tue Apr 23 00:25:20 CST 2019]; root of context hierarchy
 2019-04-23 00:25:20 INFO  [main] org.springframework.core.io.support.PropertiesLoaderSupport.loadProperties(PropertiesLoaderSupport.java:172) - Loading properties file from class path resource [jdbc.properties]
 2019-04-23 00:25:20 INFO  [main] org.springframework.core.io.support.PropertiesLoaderSupport.loadProperties(PropertiesLoaderSupport.java:172) - Loading properties file from class path resource [jdbc.properties]
 2019-04-23 00:25:20 INFO  [main] org.springframework.beans.factory.annotation.AutowiredAnnotationBeanPostProcessor.<init>(AutowiredAnnotationBeanPostProcessor.java:141) - JSR-330 'javax.inject.Inject' annotation found and supported for autowiring
 2019-04-23 00:25:21 INFO  [Thread-0] org.springframework.context.support.AbstractApplicationContext.doClose(AbstractApplicationContext.java:873) - Closing org.springframework.context.support.GenericApplicationContext@32d992b2: startup date [Tue Apr 23 00:25:20 CST 2019]; root of context hierarchy
 2019-04-23 00:25:33 INFO  [main] org.springframework.beans.factory.xml.XmlBeanDefinitionReader.loadBeanDefinitions(XmlBeanDefinitionReader.java:316) - Loading XML bean definitions from class path resource [spring-mybatis.xml]
 2019-04-23 00:25:33 INFO  [main] org.springframework.context.support.AbstractApplicationContext.prepareRefresh(AbstractApplicationContext.java:513) - Refreshing org.springframework.context.support.GenericApplicationContext@643b1d11: startup date [Tue Apr 23 00:25:33 CST 2019]; root of context hierarchy
 2019-04-23 00:25:33 INFO  [main] org.springframework.core.io.support.PropertiesLoaderSupport.loadProperties(PropertiesLoaderSupport.java:172) - Loading properties file from class path resource [jdbc.properties]
 2019-04-23 00:25:33 INFO  [main] org.springframework.core.io.support.PropertiesLoaderSupport.loadProperties(PropertiesLoaderSupport.java:172) - Loading properties file from class path resource [jdbc.properties]
 2019-04-23 00:25:33 INFO  [main] org.springframework.beans.factory.annotation.AutowiredAnnotationBeanPostProcessor.<init>(AutowiredAnnotationBeanPostProcessor.java:141) - JSR-330 'javax.inject.Inject' annotation found and supported for autowiring
 2019-04-23 00:25:34 INFO  [Thread-0] org.springframework.context.support.AbstractApplicationContext.doClose(AbstractApplicationContext.java:873) - Closing org.springframework.context.support.GenericApplicationContext@643b1d11: startup date [Tue Apr 23 00:25:33 CST 2019]; root of context hierarchy
 2019-04-23 00:25:45 INFO  [main] org.springframework.beans.factory.xml.XmlBeanDefinitionReader.loadBeanDefinitions(XmlBeanDefinitionReader.java:316) - Loading XML bean definitions from class path resource [spring-mybatis.xml]
 2019-04-23 00:25:45 INFO  [main] org.springframework.context.support.AbstractApplicationContext.prepareRefresh(AbstractApplicationContext.java:513) - Refreshing org.springframework.context.support.GenericApplicationContext@587d1d39: startup date [Tue Apr 23 00:25:45 CST 2019]; root of context hierarchy
 2019-04-23 00:25:46 INFO  [main] org.springframework.core.io.support.PropertiesLoaderSupport.loadProperties(PropertiesLoaderSupport.java:172) - Loading properties file from class path resource [jdbc.properties]
 2019-04-23 00:25:46 INFO  [main] org.springframework.core.io.support.PropertiesLoaderSupport.loadProperties(PropertiesLoaderSupport.java:172) - Loading properties file from class path resource [jdbc.properties]
 2019-04-23 00:25:46 INFO  [main] org.springframework.beans.factory.annotation.AutowiredAnnotationBeanPostProcessor.<init>(AutowiredAnnotationBeanPostProcessor.java:141) - JSR-330 'javax.inject.Inject' annotation found and supported for autowiring
 2019-04-23 00:25:47 INFO  [Thread-0] org.springframework.context.support.AbstractApplicationContext.doClose(AbstractApplicationContext.java:873) - Closing org.springframework.context.support.GenericApplicationContext@587d1d39: startup date [Tue Apr 23 00:25:45 CST 2019]; root of context hierarchy
 2019-04-23 01:06:16 INFO  [main] org.springframework.beans.factory.xml.XmlBeanDefinitionReader.loadBeanDefinitions(XmlBeanDefinitionReader.java:316) - Loading XML bean definitions from class path resource [spring-mybatis.xml]
 2019-04-23 01:06:16 INFO  [main] org.springframework.context.support.AbstractApplicationContext.prepareRefresh(AbstractApplicationContext.java:513) - Refreshing org.springframework.context.support.GenericApplicationContext@643b1d11: startup date [Tue Apr 23 01:06:16 CST 2019]; root of context hierarchy
 2019-04-23 01:06:17 INFO  [main] org.springframework.core.io.support.PropertiesLoaderSupport.loadProperties(PropertiesLoaderSupport.java:172) - Loading properties file from class path resource [jdbc.properties]
 2019-04-23 01:06:17 INFO  [main] org.springframework.core.io.support.PropertiesLoaderSupport.loadProperties(PropertiesLoaderSupport.java:172) - Loading properties file from class path resource [jdbc.properties]
 2019-04-23 01:06:17 INFO  [main] org.springframework.beans.factory.annotation.AutowiredAnnotationBeanPostProcessor.<init>(AutowiredAnnotationBeanPostProcessor.java:141) - JSR-330 'javax.inject.Inject' annotation found and supported for autowiring
 2019-04-23 01:06:17 INFO  [Thread-0] org.springframework.context.support.AbstractApplicationContext.doClose(AbstractApplicationContext.java:873) - Closing org.springframework.context.support.GenericApplicationContext@643b1d11: startup date [Tue Apr 23 01:06:16 CST 2019]; root of context hierarchy
 2019-04-23 01:06:28 INFO  [main] org.springframework.beans.factory.xml.XmlBeanDefinitionReader.loadBeanDefinitions(XmlBeanDefinitionReader.java:316) - Loading XML bean definitions from class path resource [spring-mybatis.xml]
 2019-04-23 01:06:29 INFO  [main] org.springframework.context.support.AbstractApplicationContext.prepareRefresh(AbstractApplicationContext.java:513) - Refreshing org.springframework.context.support.GenericApplicationContext@643b1d11: startup date [Tue Apr 23 01:06:29 CST 2019]; root of context hierarchy
 2019-04-23 01:06:29 INFO  [main] org.springframework.core.io.support.PropertiesLoaderSupport.loadProperties(PropertiesLoaderSupport.java:172) - Loading properties file from class path resource [jdbc.properties]
 2019-04-23 01:06:29 INFO  [main] org.springframework.core.io.support.PropertiesLoaderSupport.loadProperties(PropertiesLoaderSupport.java:172) - Loading properties file from class path resource [jdbc.properties]
 2019-04-23 01:06:29 INFO  [main] org.springframework.beans.factory.annotation.AutowiredAnnotationBeanPostProcessor.<init>(AutowiredAnnotationBeanPostProcessor.java:141) - JSR-330 'javax.inject.Inject' annotation found and supported for autowiring
 2019-04-23 01:06:29 INFO  [Thread-0] org.springframework.context.support.AbstractApplicationContext.doClose(AbstractApplicationContext.java:873) - Closing org.springframework.context.support.GenericApplicationContext@643b1d11: startup date [Tue Apr 23 01:06:29 CST 2019]; root of context hierarchy
 2019-04-23 01:07:30 INFO  [main] org.springframework.beans.factory.xml.XmlBeanDefinitionReader.loadBeanDefinitions(XmlBeanDefinitionReader.java:316) - Loading XML bean definitions from class path resource [spring-mybatis.xml]
 2019-04-23 01:07:31 INFO  [main] org.springframework.context.support.AbstractApplicationContext.prepareRefresh(AbstractApplicationContext.java:513) - Refreshing org.springframework.context.support.GenericApplicationContext@643b1d11: startup date [Tue Apr 23 01:07:31 CST 2019]; root of context hierarchy
 2019-04-23 01:07:31 INFO  [main] org.springframework.core.io.support.PropertiesLoaderSupport.loadProperties(PropertiesLoaderSupport.java:172) - Loading properties file from class path resource [jdbc.properties]
 2019-04-23 01:07:31 INFO  [main] org.springframework.core.io.support.PropertiesLoaderSupport.loadProperties(PropertiesLoaderSupport.java:172) - Loading properties file from class path resource [jdbc.properties]
 2019-04-23 01:07:31 INFO  [main] org.springframework.beans.factory.annotation.AutowiredAnnotationBeanPostProcessor.<init>(AutowiredAnnotationBeanPostProcessor.java:141) - JSR-330 'javax.inject.Inject' annotation found and supported for autowiring
 2019-04-23 01:07:32 INFO  [Thread-0] org.springframework.context.support.AbstractApplicationContext.doClose(AbstractApplicationContext.java:873) - Closing org.springframework.context.support.GenericApplicationContext@643b1d11: startup date [Tue Apr 23 01:07:31 CST 2019]; root of context hierarchy
 2019-04-23 01:08:07 INFO  [main] org.springframework.beans.factory.xml.XmlBeanDefinitionReader.loadBeanDefinitions(XmlBeanDefinitionReader.java:316) - Loading XML bean definitions from class path resource [spring-mybatis.xml]
 2019-04-23 01:08:07 INFO  [main] org.springframework.context.support.AbstractApplicationContext.prepareRefresh(AbstractApplicationContext.java:513) - Refreshing org.springframework.context.support.GenericApplicationContext@643b1d11: startup date [Tue Apr 23 01:08:07 CST 2019]; root of context hierarchy
 2019-04-23 01:08:08 INFO  [main] org.springframework.core.io.support.PropertiesLoaderSupport.loadProperties(PropertiesLoaderSupport.java:172) - Loading properties file from class path resource [jdbc.properties]
 2019-04-23 01:08:08 INFO  [main] org.springframework.core.io.support.PropertiesLoaderSupport.loadProperties(PropertiesLoaderSupport.java:172) - Loading properties file from class path resource [jdbc.properties]
 2019-04-23 01:08:08 INFO  [main] org.springframework.beans.factory.annotation.AutowiredAnnotationBeanPostProcessor.<init>(AutowiredAnnotationBeanPostProcessor.java:141) - JSR-330 'javax.inject.Inject' annotation found and supported for autowiring
 2019-04-23 01:08:08 INFO  [Thread-0] org.springframework.context.support.AbstractApplicationContext.doClose(AbstractApplicationContext.java:873) - Closing org.springframework.context.support.GenericApplicationContext@643b1d11: startup date [Tue Apr 23 01:08:07 CST 2019]; root of context hierarchy
 2019-04-23 01:29:54 INFO  [main] org.springframework.beans.factory.xml.XmlBeanDefinitionReader.loadBeanDefinitions(XmlBeanDefinitionReader.java:316) - Loading XML bean definitions from class path resource [spring-mybatis.xml]
 2019-04-23 01:29:55 INFO  [main] org.springframework.context.support.AbstractApplicationContext.prepareRefresh(AbstractApplicationContext.java:513) - Refreshing org.springframework.context.support.GenericApplicationContext@643b1d11: startup date [Tue Apr 23 01:29:55 CST 2019]; root of context hierarchy
 2019-04-23 01:29:55 INFO  [main] org.springframework.core.io.support.PropertiesLoaderSupport.loadProperties(PropertiesLoaderSupport.java:172) - Loading properties file from class path resource [jdbc.properties]
 2019-04-23 01:29:55 INFO  [main] org.springframework.core.io.support.PropertiesLoaderSupport.loadProperties(PropertiesLoaderSupport.java:172) - Loading properties file from class path resource [jdbc.properties]
 2019-04-23 01:29:55 INFO  [main] org.springframework.beans.factory.annotation.AutowiredAnnotationBeanPostProcessor.<init>(AutowiredAnnotationBeanPostProcessor.java:141) - JSR-330 'javax.inject.Inject' annotation found and supported for autowiring
 2019-04-23 01:29:56 INFO  [Thread-0] org.springframework.context.support.AbstractApplicationContext.doClose(AbstractApplicationContext.java:873) - Closing org.springframework.context.support.GenericApplicationContext@643b1d11: startup date [Tue Apr 23 01:29:55 CST 2019]; root of context hierarchy
 2019-04-23 01:30:18 INFO  [main] org.springframework.beans.factory.xml.XmlBeanDefinitionReader.loadBeanDefinitions(XmlBeanDefinitionReader.java:316) - Loading XML bean definitions from class path resource [spring-mybatis.xml]
 2019-04-23 01:30:19 INFO  [main] org.springframework.context.support.AbstractApplicationContext.prepareRefresh(AbstractApplicationContext.java:513) - Refreshing org.springframework.context.support.GenericApplicationContext@4520ebad: startup date [Tue Apr 23 01:30:19 CST 2019]; root of context hierarchy
 2019-04-23 01:30:19 INFO  [main] org.springframework.core.io.support.PropertiesLoaderSupport.loadProperties(PropertiesLoaderSupport.java:172) - Loading properties file from class path resource [jdbc.properties]
 2019-04-23 01:30:19 INFO  [main] org.springframework.core.io.support.PropertiesLoaderSupport.loadProperties(PropertiesLoaderSupport.java:172) - Loading properties file from class path resource [jdbc.properties]
 2019-04-23 01:30:19 INFO  [main] org.springframework.beans.factory.annotation.AutowiredAnnotationBeanPostProcessor.<init>(AutowiredAnnotationBeanPostProcessor.java:141) - JSR-330 'javax.inject.Inject' annotation found and supported for autowiring
 2019-04-23 01:30:20 INFO  [Thread-0] org.springframework.context.support.AbstractApplicationContext.doClose(AbstractApplicationContext.java:873) - Closing org.springframework.context.support.GenericApplicationContext@4520ebad: startup date [Tue Apr 23 01:30:19 CST 2019]; root of context hierarchy
 2019-04-23 01:32:15 INFO  [main] org.springframework.beans.factory.xml.XmlBeanDefinitionReader.loadBeanDefinitions(XmlBeanDefinitionReader.java:316) - Loading XML bean definitions from class path resource [spring-mybatis.xml]
 2019-04-23 01:32:15 INFO  [main] org.springframework.context.support.AbstractApplicationContext.prepareRefresh(AbstractApplicationContext.java:513) - Refreshing org.springframework.context.support.GenericApplicationContext@643b1d11: startup date [Tue Apr 23 01:32:15 CST 2019]; root of context hierarchy
 2019-04-23 01:32:15 INFO  [main] org.springframework.core.io.support.PropertiesLoaderSupport.loadProperties(PropertiesLoaderSupport.java:172) - Loading properties file from class path resource [jdbc.properties]
 2019-04-23 01:32:15 INFO  [main] org.springframework.core.io.support.PropertiesLoaderSupport.loadProperties(PropertiesLoaderSupport.java:172) - Loading properties file from class path resource [jdbc.properties]
 2019-04-23 01:32:15 INFO  [main] org.springframework.beans.factory.annotation.AutowiredAnnotationBeanPostProcessor.<init>(AutowiredAnnotationBeanPostProcessor.java:141) - JSR-330 'javax.inject.Inject' annotation found and supported for autowiring
 2019-04-23 01:32:16 INFO  [Thread-0] org.springframework.context.support.AbstractApplicationContext.doClose(AbstractApplicationContext.java:873) - Closing org.springframework.context.support.GenericApplicationContext@643b1d11: startup date [Tue Apr 23 01:32:15 CST 2019]; root of context hierarchy
 2019-04-23 01:34:23 INFO  [main] org.springframework.beans.factory.xml.XmlBeanDefinitionReader.loadBeanDefinitions(XmlBeanDefinitionReader.java:316) - Loading XML bean definitions from class path resource [spring-mybatis.xml]
 2019-04-23 01:34:23 INFO  [main] org.springframework.context.support.AbstractApplicationContext.prepareRefresh(AbstractApplicationContext.java:513) - Refreshing org.springframework.context.support.GenericApplicationContext@643b1d11: startup date [Tue Apr 23 01:34:23 CST 2019]; root of context hierarchy
 2019-04-23 01:34:23 INFO  [main] org.springframework.core.io.support.PropertiesLoaderSupport.loadProperties(PropertiesLoaderSupport.java:172) - Loading properties file from class path resource [jdbc.properties]
 2019-04-23 01:34:23 INFO  [main] org.springframework.core.io.support.PropertiesLoaderSupport.loadProperties(PropertiesLoaderSupport.java:172) - Loading properties file from class path resource [jdbc.properties]
 2019-04-23 01:34:23 INFO  [main] org.springframework.beans.factory.annotation.AutowiredAnnotationBeanPostProcessor.<init>(AutowiredAnnotationBeanPostProcessor.java:141) - JSR-330 'javax.inject.Inject' annotation found and supported for autowiring
 2019-04-23 01:34:24 INFO  [Thread-0] org.springframework.context.support.AbstractApplicationContext.doClose(AbstractApplicationContext.java:873) - Closing org.springframework.context.support.GenericApplicationContext@643b1d11: startup date [Tue Apr 23 01:34:23 CST 2019]; root of context hierarchy
 2019-04-23 01:34:40 INFO  [main] org.springframework.beans.factory.xml.XmlBeanDefinitionReader.loadBeanDefinitions(XmlBeanDefinitionReader.java:316) - Loading XML bean definitions from class path resource [spring-mybatis.xml]
 2019-04-23 01:34:41 INFO  [main] org.springframework.context.support.AbstractApplicationContext.prepareRefresh(AbstractApplicationContext.java:513) - Refreshing org.springframework.context.support.GenericApplicationContext@643b1d11: startup date [Tue Apr 23 01:34:41 CST 2019]; root of context hierarchy
 2019-04-23 01:34:41 INFO  [main] org.springframework.core.io.support.PropertiesLoaderSupport.loadProperties(PropertiesLoaderSupport.java:172) - Loading properties file from class path resource [jdbc.properties]
 2019-04-23 01:34:41 INFO  [main] org.springframework.core.io.support.PropertiesLoaderSupport.loadProperties(PropertiesLoaderSupport.java:172) - Loading properties file from class path resource [jdbc.properties]
 2019-04-23 01:34:41 INFO  [main] org.springframework.beans.factory.annotation.AutowiredAnnotationBeanPostProcessor.<init>(AutowiredAnnotationBeanPostProcessor.java:141) - JSR-330 'javax.inject.Inject' annotation found and supported for autowiring
 2019-04-23 01:34:42 INFO  [Thread-0] org.springframework.context.support.AbstractApplicationContext.doClose(AbstractApplicationContext.java:873) - Closing org.springframework.context.support.GenericApplicationContext@643b1d11: startup date [Tue Apr 23 01:34:41 CST 2019]; root of context hierarchy
 2019-04-23 01:36:12 INFO  [main] org.springframework.beans.factory.xml.XmlBeanDefinitionReader.loadBeanDefinitions(XmlBeanDefinitionReader.java:316) - Loading XML bean definitions from class path resource [spring-mybatis.xml]
 2019-04-23 01:36:13 INFO  [main] org.springframework.context.support.AbstractApplicationContext.prepareRefresh(AbstractApplicationContext.java:513) - Refreshing org.springframework.context.support.GenericApplicationContext@643b1d11: startup date [Tue Apr 23 01:36:13 CST 2019]; root of context hierarchy
 2019-04-23 01:36:13 INFO  [main] org.springframework.core.io.support.PropertiesLoaderSupport.loadProperties(PropertiesLoaderSupport.java:172) - Loading properties file from class path resource [jdbc.properties]
 2019-04-23 01:36:13 INFO  [main] org.springframework.core.io.support.PropertiesLoaderSupport.loadProperties(PropertiesLoaderSupport.java:172) - Loading properties file from class path resource [jdbc.properties]
 2019-04-23 01:36:13 INFO  [main] org.springframework.beans.factory.annotation.AutowiredAnnotationBeanPostProcessor.<init>(AutowiredAnnotationBeanPostProcessor.java:141) - JSR-330 'javax.inject.Inject' annotation found and supported for autowiring
 2019-04-23 01:36:14 INFO  [Thread-0] org.springframework.context.support.AbstractApplicationContext.doClose(AbstractApplicationContext.java:873) - Closing org.springframework.context.support.GenericApplicationContext@643b1d11: startup date [Tue Apr 23 01:36:13 CST 2019]; root of context hierarchy
 2019-04-25 22:33:51 INFO  [main] org.springframework.beans.factory.xml.XmlBeanDefinitionReader.loadBeanDefinitions(XmlBeanDefinitionReader.java:316) - Loading XML bean definitions from class path resource [spring-mybatis.xml]
 2019-04-25 22:33:51 INFO  [main] org.springframework.context.support.AbstractApplicationContext.prepareRefresh(AbstractApplicationContext.java:513) - Refreshing org.springframework.context.support.GenericApplicationContext@42f93a98: startup date [Thu Apr 25 22:33:51 CST 2019]; root of context hierarchy
 2019-04-25 22:33:51 INFO  [main] org.springframework.core.io.support.PropertiesLoaderSupport.loadProperties(PropertiesLoaderSupport.java:172) - Loading properties file from class path resource [jdbc.properties]
 2019-04-25 22:33:51 INFO  [main] org.springframework.core.io.support.PropertiesLoaderSupport.loadProperties(PropertiesLoaderSupport.java:172) - Loading properties file from class path resource [jdbc.properties]
 2019-04-25 22:33:51 INFO  [main] org.springframework.beans.factory.annotation.AutowiredAnnotationBeanPostProcessor.<init>(AutowiredAnnotationBeanPostProcessor.java:141) - JSR-330 'javax.inject.Inject' annotation found and supported for autowiring
 2019-04-25 22:33:52 INFO  [Thread-0] org.springframework.context.support.AbstractApplicationContext.doClose(AbstractApplicationContext.java:873) - Closing org.springframework.context.support.GenericApplicationContext@42f93a98: startup date [Thu Apr 25 22:33:51 CST 2019]; root of context hierarchy
 2019-04-25 22:35:47 INFO  [main] org.springframework.beans.factory.xml.XmlBeanDefinitionReader.loadBeanDefinitions(XmlBeanDefinitionReader.java:316) - Loading XML bean definitions from class path resource [spring-mybatis.xml]
 2019-04-25 22:35:47 INFO  [main] org.springframework.context.support.AbstractApplicationContext.prepareRefresh(AbstractApplicationContext.java:513) - Refreshing org.springframework.context.support.GenericApplicationContext@5034c75a: startup date [Thu Apr 25 22:35:47 CST 2019]; root of context hierarchy
 2019-04-25 22:35:47 INFO  [main] org.springframework.core.io.support.PropertiesLoaderSupport.loadProperties(PropertiesLoaderSupport.java:172) - Loading properties file from class path resource [jdbc.properties]
 2019-04-25 22:35:47 INFO  [main] org.springframework.core.io.support.PropertiesLoaderSupport.loadProperties(PropertiesLoaderSupport.java:172) - Loading properties file from class path resource [jdbc.properties]
 2019-04-25 22:35:47 INFO  [main] org.springframework.beans.factory.annotation.AutowiredAnnotationBeanPostProcessor.<init>(AutowiredAnnotationBeanPostProcessor.java:141) - JSR-330 'javax.inject.Inject' annotation found and supported for autowiring
 2019-04-25 22:35:48 INFO  [Thread-0] org.springframework.context.support.AbstractApplicationContext.doClose(AbstractApplicationContext.java:873) - Closing org.springframework.context.support.GenericApplicationContext@5034c75a: startup date [Thu Apr 25 22:35:47 CST 2019]; root of context hierarchy
 2019-04-25 22:37:34 INFO  [main] org.springframework.beans.factory.xml.XmlBeanDefinitionReader.loadBeanDefinitions(XmlBeanDefinitionReader.java:316) - Loading XML bean definitions from class path resource [spring-mybatis.xml]
 2019-04-25 22:37:35 INFO  [main] org.springframework.context.support.AbstractApplicationContext.prepareRefresh(AbstractApplicationContext.java:513) - Refreshing org.springframework.context.support.GenericApplicationContext@32d992b2: startup date [Thu Apr 25 22:37:35 CST 2019]; root of context hierarchy
 2019-04-25 22:37:35 INFO  [main] org.springframework.core.io.support.PropertiesLoaderSupport.loadProperties(PropertiesLoaderSupport.java:172) - Loading properties file from class path resource [jdbc.properties]
 2019-04-25 22:37:35 INFO  [main] org.springframework.core.io.support.PropertiesLoaderSupport.loadProperties(PropertiesLoaderSupport.java:172) - Loading properties file from class path resource [jdbc.properties]
 2019-04-25 22:37:35 INFO  [main] org.springframework.beans.factory.annotation.AutowiredAnnotationBeanPostProcessor.<init>(AutowiredAnnotationBeanPostProcessor.java:141) - JSR-330 'javax.inject.Inject' annotation found and supported for autowiring
 2019-04-25 22:37:36 INFO  [Thread-0] org.springframework.context.support.AbstractApplicationContext.doClose(AbstractApplicationContext.java:873) - Closing org.springframework.context.support.GenericApplicationContext@32d992b2: startup date [Thu Apr 25 22:37:35 CST 2019]; root of context hierarchy
 